ERROR - 2021-06-05 10:58:52 --> ErrorException: pg_query(): Query failed: ERROR:  column &quot;idTool&quot; of relation &quot;Order&quot; does not exist
LINE 1: INSERT INTO &quot;Order&quot; (&quot;idTool&quot;, &quot;orderGroupId&quot;) VALUES ('4', ...
                             ^ in /home/nick/Documents/ToolsShop/vendor/codeigniter4/framework/system/Database/Postgre/Connection.php:170
Stack trace:
#0 [internal function]: CodeIgniter\Debug\Exceptions->errorHandler()
#1 /home/nick/Documents/ToolsShop/vendor/codeigniter4/framework/system/Database/Postgre/Connection.php(170): pg_query()
#2 /home/nick/Documents/ToolsShop/vendor/codeigniter4/framework/system/Database/BaseConnection.php(732): CodeIgniter\Database\Postgre\Connection->execute()
#3 /home/nick/Documents/ToolsShop/vendor/codeigniter4/framework/system/Database/BaseConnection.php(647): CodeIgniter\Database\BaseConnection->simpleQuery()
#4 /home/nick/Documents/ToolsShop/vendor/codeigniter4/framework/system/Database/BaseBuilder.php(2277): CodeIgniter\Database\BaseConnection->query()
#5 /home/nick/Documents/ToolsShop/vendor/codeigniter4/framework/system/Model.php(259): CodeIgniter\Database\BaseBuilder->insert()
#6 /home/nick/Documents/ToolsShop/vendor/codeigniter4/framework/system/BaseModel.php(774): CodeIgniter\Model->doInsert()
#7 /home/nick/Documents/ToolsShop/vendor/codeigniter4/framework/system/Model.php(686): CodeIgniter\BaseModel->insert()
#8 /home/nick/Documents/ToolsShop/vendor/codeigniter4/framework/system/BaseModel.php(687): CodeIgniter\Model->insert()
#9 /home/nick/Documents/ToolsShop/app/Controllers/Payment.php(30): CodeIgniter\BaseModel->save()
#10 /home/nick/Documents/ToolsShop/vendor/codeigniter4/framework/system/CodeIgniter.php(931): App\Controllers\Payment->payment()
#11 /home/nick/Documents/ToolsShop/vendor/codeigniter4/framework/system/CodeIgniter.php(439): CodeIgniter\CodeIgniter->runController()
#12 /home/nick/Documents/ToolsShop/vendor/codeigniter4/framework/system/CodeIgniter.php(339): CodeIgniter\CodeIgniter->handleRequest()
#13 /home/nick/Documents/ToolsShop/public/index.php(44): CodeIgniter\CodeIgniter->run()
#14 /home/nick/Documents/ToolsShop/vendor/codeigniter4/framework/system/Commands/Server/rewrite.php(45): require_once('/home/nick/Docu...')
#15 {main}
ERROR - 2021-06-05 10:58:52 --> ErrorException: pg_query(): Query failed: ERROR:  column &quot;idTool&quot; of relation &quot;Order&quot; does not exist
LINE 1: INSERT INTO &quot;Order&quot; (&quot;idTool&quot;, &quot;orderGroupId&quot;) VALUES ('4', ...
                             ^ in /home/nick/Documents/ToolsShop/vendor/codeigniter4/framework/system/Database/Postgre/Connection.php:170
Stack trace:
#0 [internal function]: CodeIgniter\Debug\Exceptions->errorHandler()
#1 /home/nick/Documents/ToolsShop/vendor/codeigniter4/framework/system/Database/Postgre/Connection.php(170): pg_query()
#2 /home/nick/Documents/ToolsShop/vendor/codeigniter4/framework/system/Database/BaseConnection.php(732): CodeIgniter\Database\Postgre\Connection->execute()
#3 /home/nick/Documents/ToolsShop/vendor/codeigniter4/framework/system/Database/BaseConnection.php(647): CodeIgniter\Database\BaseConnection->simpleQuery()
#4 /home/nick/Documents/ToolsShop/vendor/codeigniter4/framework/system/Database/BaseBuilder.php(2277): CodeIgniter\Database\BaseConnection->query()
#5 /home/nick/Documents/ToolsShop/vendor/codeigniter4/framework/system/Model.php(259): CodeIgniter\Database\BaseBuilder->insert()
#6 /home/nick/Documents/ToolsShop/vendor/codeigniter4/framework/system/BaseModel.php(774): CodeIgniter\Model->doInsert()
#7 /home/nick/Documents/ToolsShop/vendor/codeigniter4/framework/system/Model.php(686): CodeIgniter\BaseModel->insert()
#8 /home/nick/Documents/ToolsShop/vendor/codeigniter4/framework/system/BaseModel.php(687): CodeIgniter\Model->insert()
#9 /home/nick/Documents/ToolsShop/app/Controllers/Payment.php(30): CodeIgniter\BaseModel->save()
#10 /home/nick/Documents/ToolsShop/vendor/codeigniter4/framework/system/CodeIgniter.php(931): App\Controllers\Payment->payment()
#11 /home/nick/Documents/ToolsShop/vendor/codeigniter4/framework/system/CodeIgniter.php(439): CodeIgniter\CodeIgniter->runController()
#12 /home/nick/Documents/ToolsShop/vendor/codeigniter4/framework/system/CodeIgniter.php(339): CodeIgniter\CodeIgniter->handleRequest()
#13 /home/nick/Documents/ToolsShop/public/index.php(44): CodeIgniter\CodeIgniter->run()
#14 /home/nick/Documents/ToolsShop/vendor/codeigniter4/framework/system/Commands/Server/rewrite.php(45): require_once('/home/nick/Docu...')
#15 {main}
ERROR - 2021-06-05 10:58:52 --> ErrorException: pg_query(): Query failed: ERROR:  column &quot;idTool&quot; of relation &quot;Order&quot; does not exist
LINE 1: INSERT INTO &quot;Order&quot; (&quot;idTool&quot;, &quot;orderGroupId&quot;) VALUES ('4', ...
                             ^ in /home/nick/Documents/ToolsShop/vendor/codeigniter4/framework/system/Database/Postgre/Connection.php:170
Stack trace:
#0 [internal function]: CodeIgniter\Debug\Exceptions->errorHandler()
#1 /home/nick/Documents/ToolsShop/vendor/codeigniter4/framework/system/Database/Postgre/Connection.php(170): pg_query()
#2 /home/nick/Documents/ToolsShop/vendor/codeigniter4/framework/system/Database/BaseConnection.php(732): CodeIgniter\Database\Postgre\Connection->execute()
#3 /home/nick/Documents/ToolsShop/vendor/codeigniter4/framework/system/Database/BaseConnection.php(647): CodeIgniter\Database\BaseConnection->simpleQuery()
#4 /home/nick/Documents/ToolsShop/vendor/codeigniter4/framework/system/Database/BaseBuilder.php(2277): CodeIgniter\Database\BaseConnection->query()
#5 /home/nick/Documents/ToolsShop/vendor/codeigniter4/framework/system/Model.php(259): CodeIgniter\Database\BaseBuilder->insert()
#6 /home/nick/Documents/ToolsShop/vendor/codeigniter4/framework/system/BaseModel.php(774): CodeIgniter\Model->doInsert()
#7 /home/nick/Documents/ToolsShop/vendor/codeigniter4/framework/system/Model.php(686): CodeIgniter\BaseModel->insert()
#8 /home/nick/Documents/ToolsShop/vendor/codeigniter4/framework/system/BaseModel.php(687): CodeIgniter\Model->insert()
#9 /home/nick/Documents/ToolsShop/app/Controllers/Payment.php(30): CodeIgniter\BaseModel->save()
#10 /home/nick/Documents/ToolsShop/vendor/codeigniter4/framework/system/CodeIgniter.php(931): App\Controllers\Payment->payment()
#11 /home/nick/Documents/ToolsShop/vendor/codeigniter4/framework/system/CodeIgniter.php(439): CodeIgniter\CodeIgniter->runController()
#12 /home/nick/Documents/ToolsShop/vendor/codeigniter4/framework/system/CodeIgniter.php(339): CodeIgniter\CodeIgniter->handleRequest()
#13 /home/nick/Documents/ToolsShop/public/index.php(44): CodeIgniter\CodeIgniter->run()
#14 /home/nick/Documents/ToolsShop/vendor/codeigniter4/framework/system/Commands/Server/rewrite.php(45): require_once('/home/nick/Docu...')
#15 {main}
ERROR - 2021-06-05 10:58:52 --> ErrorException: pg_query(): Query failed: ERROR:  column &quot;idTool&quot; of relation &quot;Order&quot; does not exist
LINE 1: INSERT INTO &quot;Order&quot; (&quot;idTool&quot;, &quot;orderGroupId&quot;) VALUES ('4', ...
                             ^ in /home/nick/Documents/ToolsShop/vendor/codeigniter4/framework/system/Database/Postgre/Connection.php:170
Stack trace:
#0 [internal function]: CodeIgniter\Debug\Exceptions->errorHandler()
#1 /home/nick/Documents/ToolsShop/vendor/codeigniter4/framework/system/Database/Postgre/Connection.php(170): pg_query()
#2 /home/nick/Documents/ToolsShop/vendor/codeigniter4/framework/system/Database/BaseConnection.php(732): CodeIgniter\Database\Postgre\Connection->execute()
#3 /home/nick/Documents/ToolsShop/vendor/codeigniter4/framework/system/Database/BaseConnection.php(647): CodeIgniter\Database\BaseConnection->simpleQuery()
#4 /home/nick/Documents/ToolsShop/vendor/codeigniter4/framework/system/Database/BaseBuilder.php(2277): CodeIgniter\Database\BaseConnection->query()
#5 /home/nick/Documents/ToolsShop/vendor/codeigniter4/framework/system/Model.php(259): CodeIgniter\Database\BaseBuilder->insert()
#6 /home/nick/Documents/ToolsShop/vendor/codeigniter4/framework/system/BaseModel.php(774): CodeIgniter\Model->doInsert()
#7 /home/nick/Documents/ToolsShop/vendor/codeigniter4/framework/system/Model.php(686): CodeIgniter\BaseModel->insert()
#8 /home/nick/Documents/ToolsShop/vendor/codeigniter4/framework/system/BaseModel.php(687): CodeIgniter\Model->insert()
#9 /home/nick/Documents/ToolsShop/app/Controllers/Payment.php(30): CodeIgniter\BaseModel->save()
#10 /home/nick/Documents/ToolsShop/vendor/codeigniter4/framework/system/CodeIgniter.php(931): App\Controllers\Payment->payment()
#11 /home/nick/Documents/ToolsShop/vendor/codeigniter4/framework/system/CodeIgniter.php(439): CodeIgniter\CodeIgniter->runController()
#12 /home/nick/Documents/ToolsShop/vendor/codeigniter4/framework/system/CodeIgniter.php(339): CodeIgniter\CodeIgniter->handleRequest()
#13 /home/nick/Documents/ToolsShop/public/index.php(44): CodeIgniter\CodeIgniter->run()
#14 /home/nick/Documents/ToolsShop/vendor/codeigniter4/framework/system/Commands/Server/rewrite.php(45): require_once('/home/nick/Docu...')
#15 {main}
ERROR - 2021-06-05 10:58:52 --> ErrorException: pg_query(): Query failed: ERROR:  column &quot;idTool&quot; of relation &quot;Order&quot; does not exist
LINE 1: INSERT INTO &quot;Order&quot; (&quot;idTool&quot;, &quot;orderGroupId&quot;) VALUES ('4', ...
                             ^ in /home/nick/Documents/ToolsShop/vendor/codeigniter4/framework/system/Database/Postgre/Connection.php:170
Stack trace:
#0 [internal function]: CodeIgniter\Debug\Exceptions->errorHandler()
#1 /home/nick/Documents/ToolsShop/vendor/codeigniter4/framework/system/Database/Postgre/Connection.php(170): pg_query()
#2 /home/nick/Documents/ToolsShop/vendor/codeigniter4/framework/system/Database/BaseConnection.php(732): CodeIgniter\Database\Postgre\Connection->execute()
#3 /home/nick/Documents/ToolsShop/vendor/codeigniter4/framework/system/Database/BaseConnection.php(647): CodeIgniter\Database\BaseConnection->simpleQuery()
#4 /home/nick/Documents/ToolsShop/vendor/codeigniter4/framework/system/Database/BaseBuilder.php(2277): CodeIgniter\Database\BaseConnection->query()
#5 /home/nick/Documents/ToolsShop/vendor/codeigniter4/framework/system/Model.php(259): CodeIgniter\Database\BaseBuilder->insert()
#6 /home/nick/Documents/ToolsShop/vendor/codeigniter4/framework/system/BaseModel.php(774): CodeIgniter\Model->doInsert()
#7 /home/nick/Documents/ToolsShop/vendor/codeigniter4/framework/system/Model.php(686): CodeIgniter\BaseModel->insert()
#8 /home/nick/Documents/ToolsShop/vendor/codeigniter4/framework/system/BaseModel.php(687): CodeIgniter\Model->insert()
#9 /home/nick/Documents/ToolsShop/app/Controllers/Payment.php(30): CodeIgniter\BaseModel->save()
#10 /home/nick/Documents/ToolsShop/vendor/codeigniter4/framework/system/CodeIgniter.php(931): App\Controllers\Payment->payment()
#11 /home/nick/Documents/ToolsShop/vendor/codeigniter4/framework/system/CodeIgniter.php(439): CodeIgniter\CodeIgniter->runController()
#12 /home/nick/Documents/ToolsShop/vendor/codeigniter4/framework/system/CodeIgniter.php(339): CodeIgniter\CodeIgniter->handleRequest()
#13 /home/nick/Documents/ToolsShop/public/index.php(44): CodeIgniter\CodeIgniter->run()
#14 /home/nick/Documents/ToolsShop/vendor/codeigniter4/framework/system/Commands/Server/rewrite.php(45): require_once('/home/nick/Docu...')
#15 {main}
ERROR - 2021-06-05 10:58:52 --> ErrorException: pg_query(): Query failed: ERROR:  relation &quot;ToolClaim&quot; does not exist
LINE 1: INSERT INTO &quot;ToolClaim&quot; (&quot;idOrder&quot;, &quot;idClient&quot;) VALUES ('1',...
                    ^ in /home/nick/Documents/ToolsShop/vendor/codeigniter4/framework/system/Database/Postgre/Connection.php:170
Stack trace:
#0 [internal function]: CodeIgniter\Debug\Exceptions->errorHandler()
#1 /home/nick/Documents/ToolsShop/vendor/codeigniter4/framework/system/Database/Postgre/Connection.php(170): pg_query()
#2 /home/nick/Documents/ToolsShop/vendor/codeigniter4/framework/system/Database/BaseConnection.php(732): CodeIgniter\Database\Postgre\Connection->execute()
#3 /home/nick/Documents/ToolsShop/vendor/codeigniter4/framework/system/Database/BaseConnection.php(647): CodeIgniter\Database\BaseConnection->simpleQuery()
#4 /home/nick/Documents/ToolsShop/vendor/codeigniter4/framework/system/Database/BaseBuilder.php(2277): CodeIgniter\Database\BaseConnection->query()
#5 /home/nick/Documents/ToolsShop/vendor/codeigniter4/framework/system/Model.php(259): CodeIgniter\Database\BaseBuilder->insert()
#6 /home/nick/Documents/ToolsShop/vendor/codeigniter4/framework/system/BaseModel.php(774): CodeIgniter\Model->doInsert()
#7 /home/nick/Documents/ToolsShop/vendor/codeigniter4/framework/system/Model.php(686): CodeIgniter\BaseModel->insert()
#8 /home/nick/Documents/ToolsShop/app/Controllers/Payment.php(37): CodeIgniter\Model->insert()
#9 /home/nick/Documents/ToolsShop/vendor/codeigniter4/framework/system/CodeIgniter.php(931): App\Controllers\Payment->payment()
#10 /home/nick/Documents/ToolsShop/vendor/codeigniter4/framework/system/CodeIgniter.php(439): CodeIgniter\CodeIgniter->runController()
#11 /home/nick/Documents/ToolsShop/vendor/codeigniter4/framework/system/CodeIgniter.php(339): CodeIgniter\CodeIgniter->handleRequest()
#12 /home/nick/Documents/ToolsShop/public/index.php(44): CodeIgniter\CodeIgniter->run()
#13 /home/nick/Documents/ToolsShop/vendor/codeigniter4/framework/system/Commands/Server/rewrite.php(45): require_once('/home/nick/Docu...')
#14 {main}
ERROR - 2021-06-05 11:00:45 --> ErrorException: pg_query(): Query failed: ERROR:  column &quot;idTool&quot; of relation &quot;Order&quot; does not exist
LINE 1: INSERT INTO &quot;Order&quot; (&quot;idTool&quot;, &quot;orderGroupId&quot;) VALUES ('4', ...
                             ^ in /home/nick/Documents/ToolsShop/vendor/codeigniter4/framework/system/Database/Postgre/Connection.php:170
Stack trace:
#0 [internal function]: CodeIgniter\Debug\Exceptions->errorHandler()
#1 /home/nick/Documents/ToolsShop/vendor/codeigniter4/framework/system/Database/Postgre/Connection.php(170): pg_query()
#2 /home/nick/Documents/ToolsShop/vendor/codeigniter4/framework/system/Database/BaseConnection.php(732): CodeIgniter\Database\Postgre\Connection->execute()
#3 /home/nick/Documents/ToolsShop/vendor/codeigniter4/framework/system/Database/BaseConnection.php(647): CodeIgniter\Database\BaseConnection->simpleQuery()
#4 /home/nick/Documents/ToolsShop/vendor/codeigniter4/framework/system/Database/BaseBuilder.php(2277): CodeIgniter\Database\BaseConnection->query()
#5 /home/nick/Documents/ToolsShop/vendor/codeigniter4/framework/system/Model.php(259): CodeIgniter\Database\BaseBuilder->insert()
#6 /home/nick/Documents/ToolsShop/vendor/codeigniter4/framework/system/BaseModel.php(774): CodeIgniter\Model->doInsert()
#7 /home/nick/Documents/ToolsShop/vendor/codeigniter4/framework/system/Model.php(686): CodeIgniter\BaseModel->insert()
#8 /home/nick/Documents/ToolsShop/vendor/codeigniter4/framework/system/BaseModel.php(687): CodeIgniter\Model->insert()
#9 /home/nick/Documents/ToolsShop/app/Controllers/Payment.php(30): CodeIgniter\BaseModel->save()
#10 /home/nick/Documents/ToolsShop/vendor/codeigniter4/framework/system/CodeIgniter.php(931): App\Controllers\Payment->payment()
#11 /home/nick/Documents/ToolsShop/vendor/codeigniter4/framework/system/CodeIgniter.php(439): CodeIgniter\CodeIgniter->runController()
#12 /home/nick/Documents/ToolsShop/vendor/codeigniter4/framework/system/CodeIgniter.php(339): CodeIgniter\CodeIgniter->handleRequest()
#13 /home/nick/Documents/ToolsShop/public/index.php(44): CodeIgniter\CodeIgniter->run()
#14 /home/nick/Documents/ToolsShop/vendor/codeigniter4/framework/system/Commands/Server/rewrite.php(45): require_once('/home/nick/Docu...')
#15 {main}
ERROR - 2021-06-05 11:00:45 --> ErrorException: pg_query(): Query failed: ERROR:  column &quot;idTool&quot; of relation &quot;Order&quot; does not exist
LINE 1: INSERT INTO &quot;Order&quot; (&quot;idTool&quot;, &quot;orderGroupId&quot;) VALUES ('4', ...
                             ^ in /home/nick/Documents/ToolsShop/vendor/codeigniter4/framework/system/Database/Postgre/Connection.php:170
Stack trace:
#0 [internal function]: CodeIgniter\Debug\Exceptions->errorHandler()
#1 /home/nick/Documents/ToolsShop/vendor/codeigniter4/framework/system/Database/Postgre/Connection.php(170): pg_query()
#2 /home/nick/Documents/ToolsShop/vendor/codeigniter4/framework/system/Database/BaseConnection.php(732): CodeIgniter\Database\Postgre\Connection->execute()
#3 /home/nick/Documents/ToolsShop/vendor/codeigniter4/framework/system/Database/BaseConnection.php(647): CodeIgniter\Database\BaseConnection->simpleQuery()
#4 /home/nick/Documents/ToolsShop/vendor/codeigniter4/framework/system/Database/BaseBuilder.php(2277): CodeIgniter\Database\BaseConnection->query()
#5 /home/nick/Documents/ToolsShop/vendor/codeigniter4/framework/system/Model.php(259): CodeIgniter\Database\BaseBuilder->insert()
#6 /home/nick/Documents/ToolsShop/vendor/codeigniter4/framework/system/BaseModel.php(774): CodeIgniter\Model->doInsert()
#7 /home/nick/Documents/ToolsShop/vendor/codeigniter4/framework/system/Model.php(686): CodeIgniter\BaseModel->insert()
#8 /home/nick/Documents/ToolsShop/vendor/codeigniter4/framework/system/BaseModel.php(687): CodeIgniter\Model->insert()
#9 /home/nick/Documents/ToolsShop/app/Controllers/Payment.php(30): CodeIgniter\BaseModel->save()
#10 /home/nick/Documents/ToolsShop/vendor/codeigniter4/framework/system/CodeIgniter.php(931): App\Controllers\Payment->payment()
#11 /home/nick/Documents/ToolsShop/vendor/codeigniter4/framework/system/CodeIgniter.php(439): CodeIgniter\CodeIgniter->runController()
#12 /home/nick/Documents/ToolsShop/vendor/codeigniter4/framework/system/CodeIgniter.php(339): CodeIgniter\CodeIgniter->handleRequest()
#13 /home/nick/Documents/ToolsShop/public/index.php(44): CodeIgniter\CodeIgniter->run()
#14 /home/nick/Documents/ToolsShop/vendor/codeigniter4/framework/system/Commands/Server/rewrite.php(45): require_once('/home/nick/Docu...')
#15 {main}
ERROR - 2021-06-05 11:00:45 --> ErrorException: pg_query(): Query failed: ERROR:  column &quot;idTool&quot; of relation &quot;Order&quot; does not exist
LINE 1: INSERT INTO &quot;Order&quot; (&quot;idTool&quot;, &quot;orderGroupId&quot;) VALUES ('4', ...
                             ^ in /home/nick/Documents/ToolsShop/vendor/codeigniter4/framework/system/Database/Postgre/Connection.php:170
Stack trace:
#0 [internal function]: CodeIgniter\Debug\Exceptions->errorHandler()
#1 /home/nick/Documents/ToolsShop/vendor/codeigniter4/framework/system/Database/Postgre/Connection.php(170): pg_query()
#2 /home/nick/Documents/ToolsShop/vendor/codeigniter4/framework/system/Database/BaseConnection.php(732): CodeIgniter\Database\Postgre\Connection->execute()
#3 /home/nick/Documents/ToolsShop/vendor/codeigniter4/framework/system/Database/BaseConnection.php(647): CodeIgniter\Database\BaseConnection->simpleQuery()
#4 /home/nick/Documents/ToolsShop/vendor/codeigniter4/framework/system/Database/BaseBuilder.php(2277): CodeIgniter\Database\BaseConnection->query()
#5 /home/nick/Documents/ToolsShop/vendor/codeigniter4/framework/system/Model.php(259): CodeIgniter\Database\BaseBuilder->insert()
#6 /home/nick/Documents/ToolsShop/vendor/codeigniter4/framework/system/BaseModel.php(774): CodeIgniter\Model->doInsert()
#7 /home/nick/Documents/ToolsShop/vendor/codeigniter4/framework/system/Model.php(686): CodeIgniter\BaseModel->insert()
#8 /home/nick/Documents/ToolsShop/vendor/codeigniter4/framework/system/BaseModel.php(687): CodeIgniter\Model->insert()
#9 /home/nick/Documents/ToolsShop/app/Controllers/Payment.php(30): CodeIgniter\BaseModel->save()
#10 /home/nick/Documents/ToolsShop/vendor/codeigniter4/framework/system/CodeIgniter.php(931): App\Controllers\Payment->payment()
#11 /home/nick/Documents/ToolsShop/vendor/codeigniter4/framework/system/CodeIgniter.php(439): CodeIgniter\CodeIgniter->runController()
#12 /home/nick/Documents/ToolsShop/vendor/codeigniter4/framework/system/CodeIgniter.php(339): CodeIgniter\CodeIgniter->handleRequest()
#13 /home/nick/Documents/ToolsShop/public/index.php(44): CodeIgniter\CodeIgniter->run()
#14 /home/nick/Documents/ToolsShop/vendor/codeigniter4/framework/system/Commands/Server/rewrite.php(45): require_once('/home/nick/Docu...')
#15 {main}
ERROR - 2021-06-05 11:00:45 --> ErrorException: pg_query(): Query failed: ERROR:  column &quot;idTool&quot; of relation &quot;Order&quot; does not exist
LINE 1: INSERT INTO &quot;Order&quot; (&quot;idTool&quot;, &quot;orderGroupId&quot;) VALUES ('4', ...
                             ^ in /home/nick/Documents/ToolsShop/vendor/codeigniter4/framework/system/Database/Postgre/Connection.php:170
Stack trace:
#0 [internal function]: CodeIgniter\Debug\Exceptions->errorHandler()
#1 /home/nick/Documents/ToolsShop/vendor/codeigniter4/framework/system/Database/Postgre/Connection.php(170): pg_query()
#2 /home/nick/Documents/ToolsShop/vendor/codeigniter4/framework/system/Database/BaseConnection.php(732): CodeIgniter\Database\Postgre\Connection->execute()
#3 /home/nick/Documents/ToolsShop/vendor/codeigniter4/framework/system/Database/BaseConnection.php(647): CodeIgniter\Database\BaseConnection->simpleQuery()
#4 /home/nick/Documents/ToolsShop/vendor/codeigniter4/framework/system/Database/BaseBuilder.php(2277): CodeIgniter\Database\BaseConnection->query()
#5 /home/nick/Documents/ToolsShop/vendor/codeigniter4/framework/system/Model.php(259): CodeIgniter\Database\BaseBuilder->insert()
#6 /home/nick/Documents/ToolsShop/vendor/codeigniter4/framework/system/BaseModel.php(774): CodeIgniter\Model->doInsert()
#7 /home/nick/Documents/ToolsShop/vendor/codeigniter4/framework/system/Model.php(686): CodeIgniter\BaseModel->insert()
#8 /home/nick/Documents/ToolsShop/vendor/codeigniter4/framework/system/BaseModel.php(687): CodeIgniter\Model->insert()
#9 /home/nick/Documents/ToolsShop/app/Controllers/Payment.php(30): CodeIgniter\BaseModel->save()
#10 /home/nick/Documents/ToolsShop/vendor/codeigniter4/framework/system/CodeIgniter.php(931): App\Controllers\Payment->payment()
#11 /home/nick/Documents/ToolsShop/vendor/codeigniter4/framework/system/CodeIgniter.php(439): CodeIgniter\CodeIgniter->runController()
#12 /home/nick/Documents/ToolsShop/vendor/codeigniter4/framework/system/CodeIgniter.php(339): CodeIgniter\CodeIgniter->handleRequest()
#13 /home/nick/Documents/ToolsShop/public/index.php(44): CodeIgniter\CodeIgniter->run()
#14 /home/nick/Documents/ToolsShop/vendor/codeigniter4/framework/system/Commands/Server/rewrite.php(45): require_once('/home/nick/Docu...')
#15 {main}
ERROR - 2021-06-05 11:00:45 --> ErrorException: pg_query(): Query failed: ERROR:  column &quot;idTool&quot; of relation &quot;Order&quot; does not exist
LINE 1: INSERT INTO &quot;Order&quot; (&quot;idTool&quot;, &quot;orderGroupId&quot;) VALUES ('4', ...
                             ^ in /home/nick/Documents/ToolsShop/vendor/codeigniter4/framework/system/Database/Postgre/Connection.php:170
Stack trace:
#0 [internal function]: CodeIgniter\Debug\Exceptions->errorHandler()
#1 /home/nick/Documents/ToolsShop/vendor/codeigniter4/framework/system/Database/Postgre/Connection.php(170): pg_query()
#2 /home/nick/Documents/ToolsShop/vendor/codeigniter4/framework/system/Database/BaseConnection.php(732): CodeIgniter\Database\Postgre\Connection->execute()
#3 /home/nick/Documents/ToolsShop/vendor/codeigniter4/framework/system/Database/BaseConnection.php(647): CodeIgniter\Database\BaseConnection->simpleQuery()
#4 /home/nick/Documents/ToolsShop/vendor/codeigniter4/framework/system/Database/BaseBuilder.php(2277): CodeIgniter\Database\BaseConnection->query()
#5 /home/nick/Documents/ToolsShop/vendor/codeigniter4/framework/system/Model.php(259): CodeIgniter\Database\BaseBuilder->insert()
#6 /home/nick/Documents/ToolsShop/vendor/codeigniter4/framework/system/BaseModel.php(774): CodeIgniter\Model->doInsert()
#7 /home/nick/Documents/ToolsShop/vendor/codeigniter4/framework/system/Model.php(686): CodeIgniter\BaseModel->insert()
#8 /home/nick/Documents/ToolsShop/vendor/codeigniter4/framework/system/BaseModel.php(687): CodeIgniter\Model->insert()
#9 /home/nick/Documents/ToolsShop/app/Controllers/Payment.php(30): CodeIgniter\BaseModel->save()
#10 /home/nick/Documents/ToolsShop/vendor/codeigniter4/framework/system/CodeIgniter.php(931): App\Controllers\Payment->payment()
#11 /home/nick/Documents/ToolsShop/vendor/codeigniter4/framework/system/CodeIgniter.php(439): CodeIgniter\CodeIgniter->runController()
#12 /home/nick/Documents/ToolsShop/vendor/codeigniter4/framework/system/CodeIgniter.php(339): CodeIgniter\CodeIgniter->handleRequest()
#13 /home/nick/Documents/ToolsShop/public/index.php(44): CodeIgniter\CodeIgniter->run()
#14 /home/nick/Documents/ToolsShop/vendor/codeigniter4/framework/system/Commands/Server/rewrite.php(45): require_once('/home/nick/Docu...')
#15 {main}
ERROR - 2021-06-05 11:00:45 --> ErrorException: pg_query(): Query failed: ERROR:  relation &quot;ToolClaim&quot; does not exist
LINE 1: INSERT INTO &quot;ToolClaim&quot; (&quot;idOrder&quot;, &quot;idClient&quot;) VALUES ('1',...
                    ^ in /home/nick/Documents/ToolsShop/vendor/codeigniter4/framework/system/Database/Postgre/Connection.php:170
Stack trace:
#0 [internal function]: CodeIgniter\Debug\Exceptions->errorHandler()
#1 /home/nick/Documents/ToolsShop/vendor/codeigniter4/framework/system/Database/Postgre/Connection.php(170): pg_query()
#2 /home/nick/Documents/ToolsShop/vendor/codeigniter4/framework/system/Database/BaseConnection.php(732): CodeIgniter\Database\Postgre\Connection->execute()
#3 /home/nick/Documents/ToolsShop/vendor/codeigniter4/framework/system/Database/BaseConnection.php(647): CodeIgniter\Database\BaseConnection->simpleQuery()
#4 /home/nick/Documents/ToolsShop/vendor/codeigniter4/framework/system/Database/BaseBuilder.php(2277): CodeIgniter\Database\BaseConnection->query()
#5 /home/nick/Documents/ToolsShop/vendor/codeigniter4/framework/system/Model.php(259): CodeIgniter\Database\BaseBuilder->insert()
#6 /home/nick/Documents/ToolsShop/vendor/codeigniter4/framework/system/BaseModel.php(774): CodeIgniter\Model->doInsert()
#7 /home/nick/Documents/ToolsShop/vendor/codeigniter4/framework/system/Model.php(686): CodeIgniter\BaseModel->insert()
#8 /home/nick/Documents/ToolsShop/app/Controllers/Payment.php(37): CodeIgniter\Model->insert()
#9 /home/nick/Documents/ToolsShop/vendor/codeigniter4/framework/system/CodeIgniter.php(931): App\Controllers\Payment->payment()
#10 /home/nick/Documents/ToolsShop/vendor/codeigniter4/framework/system/CodeIgniter.php(439): CodeIgniter\CodeIgniter->runController()
#11 /home/nick/Documents/ToolsShop/vendor/codeigniter4/framework/system/CodeIgniter.php(339): CodeIgniter\CodeIgniter->handleRequest()
#12 /home/nick/Documents/ToolsShop/public/index.php(44): CodeIgniter\CodeIgniter->run()
#13 /home/nick/Documents/ToolsShop/vendor/codeigniter4/framework/system/Commands/Server/rewrite.php(45): require_once('/home/nick/Docu...')
#14 {main}
ERROR - 2021-06-05 11:01:04 --> ErrorException: pg_query(): Query failed: ERROR:  column &quot;idTool&quot; of relation &quot;Order&quot; does not exist
LINE 1: INSERT INTO &quot;Order&quot; (&quot;idTool&quot;, &quot;orderGroupId&quot;) VALUES ('4', ...
                             ^ in /home/nick/Documents/ToolsShop/vendor/codeigniter4/framework/system/Database/Postgre/Connection.php:170
Stack trace:
#0 [internal function]: CodeIgniter\Debug\Exceptions->errorHandler()
#1 /home/nick/Documents/ToolsShop/vendor/codeigniter4/framework/system/Database/Postgre/Connection.php(170): pg_query()
#2 /home/nick/Documents/ToolsShop/vendor/codeigniter4/framework/system/Database/BaseConnection.php(732): CodeIgniter\Database\Postgre\Connection->execute()
#3 /home/nick/Documents/ToolsShop/vendor/codeigniter4/framework/system/Database/BaseConnection.php(647): CodeIgniter\Database\BaseConnection->simpleQuery()
#4 /home/nick/Documents/ToolsShop/vendor/codeigniter4/framework/system/Database/BaseBuilder.php(2277): CodeIgniter\Database\BaseConnection->query()
#5 /home/nick/Documents/ToolsShop/vendor/codeigniter4/framework/system/Model.php(259): CodeIgniter\Database\BaseBuilder->insert()
#6 /home/nick/Documents/ToolsShop/vendor/codeigniter4/framework/system/BaseModel.php(774): CodeIgniter\Model->doInsert()
#7 /home/nick/Documents/ToolsShop/vendor/codeigniter4/framework/system/Model.php(686): CodeIgniter\BaseModel->insert()
#8 /home/nick/Documents/ToolsShop/vendor/codeigniter4/framework/system/BaseModel.php(687): CodeIgniter\Model->insert()
#9 /home/nick/Documents/ToolsShop/app/Controllers/Payment.php(30): CodeIgniter\BaseModel->save()
#10 /home/nick/Documents/ToolsShop/vendor/codeigniter4/framework/system/CodeIgniter.php(931): App\Controllers\Payment->payment()
#11 /home/nick/Documents/ToolsShop/vendor/codeigniter4/framework/system/CodeIgniter.php(439): CodeIgniter\CodeIgniter->runController()
#12 /home/nick/Documents/ToolsShop/vendor/codeigniter4/framework/system/CodeIgniter.php(339): CodeIgniter\CodeIgniter->handleRequest()
#13 /home/nick/Documents/ToolsShop/public/index.php(44): CodeIgniter\CodeIgniter->run()
#14 /home/nick/Documents/ToolsShop/vendor/codeigniter4/framework/system/Commands/Server/rewrite.php(45): require_once('/home/nick/Docu...')
#15 {main}
ERROR - 2021-06-05 11:01:05 --> ErrorException: pg_query(): Query failed: ERROR:  column &quot;idTool&quot; of relation &quot;Order&quot; does not exist
LINE 1: INSERT INTO &quot;Order&quot; (&quot;idTool&quot;, &quot;orderGroupId&quot;) VALUES ('4', ...
                             ^ in /home/nick/Documents/ToolsShop/vendor/codeigniter4/framework/system/Database/Postgre/Connection.php:170
Stack trace:
#0 [internal function]: CodeIgniter\Debug\Exceptions->errorHandler()
#1 /home/nick/Documents/ToolsShop/vendor/codeigniter4/framework/system/Database/Postgre/Connection.php(170): pg_query()
#2 /home/nick/Documents/ToolsShop/vendor/codeigniter4/framework/system/Database/BaseConnection.php(732): CodeIgniter\Database\Postgre\Connection->execute()
#3 /home/nick/Documents/ToolsShop/vendor/codeigniter4/framework/system/Database/BaseConnection.php(647): CodeIgniter\Database\BaseConnection->simpleQuery()
#4 /home/nick/Documents/ToolsShop/vendor/codeigniter4/framework/system/Database/BaseBuilder.php(2277): CodeIgniter\Database\BaseConnection->query()
#5 /home/nick/Documents/ToolsShop/vendor/codeigniter4/framework/system/Model.php(259): CodeIgniter\Database\BaseBuilder->insert()
#6 /home/nick/Documents/ToolsShop/vendor/codeigniter4/framework/system/BaseModel.php(774): CodeIgniter\Model->doInsert()
#7 /home/nick/Documents/ToolsShop/vendor/codeigniter4/framework/system/Model.php(686): CodeIgniter\BaseModel->insert()
#8 /home/nick/Documents/ToolsShop/vendor/codeigniter4/framework/system/BaseModel.php(687): CodeIgniter\Model->insert()
#9 /home/nick/Documents/ToolsShop/app/Controllers/Payment.php(30): CodeIgniter\BaseModel->save()
#10 /home/nick/Documents/ToolsShop/vendor/codeigniter4/framework/system/CodeIgniter.php(931): App\Controllers\Payment->payment()
#11 /home/nick/Documents/ToolsShop/vendor/codeigniter4/framework/system/CodeIgniter.php(439): CodeIgniter\CodeIgniter->runController()
#12 /home/nick/Documents/ToolsShop/vendor/codeigniter4/framework/system/CodeIgniter.php(339): CodeIgniter\CodeIgniter->handleRequest()
#13 /home/nick/Documents/ToolsShop/public/index.php(44): CodeIgniter\CodeIgniter->run()
#14 /home/nick/Documents/ToolsShop/vendor/codeigniter4/framework/system/Commands/Server/rewrite.php(45): require_once('/home/nick/Docu...')
#15 {main}
ERROR - 2021-06-05 11:01:05 --> ErrorException: pg_query(): Query failed: ERROR:  column &quot;idTool&quot; of relation &quot;Order&quot; does not exist
LINE 1: INSERT INTO &quot;Order&quot; (&quot;idTool&quot;, &quot;orderGroupId&quot;) VALUES ('4', ...
                             ^ in /home/nick/Documents/ToolsShop/vendor/codeigniter4/framework/system/Database/Postgre/Connection.php:170
Stack trace:
#0 [internal function]: CodeIgniter\Debug\Exceptions->errorHandler()
#1 /home/nick/Documents/ToolsShop/vendor/codeigniter4/framework/system/Database/Postgre/Connection.php(170): pg_query()
#2 /home/nick/Documents/ToolsShop/vendor/codeigniter4/framework/system/Database/BaseConnection.php(732): CodeIgniter\Database\Postgre\Connection->execute()
#3 /home/nick/Documents/ToolsShop/vendor/codeigniter4/framework/system/Database/BaseConnection.php(647): CodeIgniter\Database\BaseConnection->simpleQuery()
#4 /home/nick/Documents/ToolsShop/vendor/codeigniter4/framework/system/Database/BaseBuilder.php(2277): CodeIgniter\Database\BaseConnection->query()
#5 /home/nick/Documents/ToolsShop/vendor/codeigniter4/framework/system/Model.php(259): CodeIgniter\Database\BaseBuilder->insert()
#6 /home/nick/Documents/ToolsShop/vendor/codeigniter4/framework/system/BaseModel.php(774): CodeIgniter\Model->doInsert()
#7 /home/nick/Documents/ToolsShop/vendor/codeigniter4/framework/system/Model.php(686): CodeIgniter\BaseModel->insert()
#8 /home/nick/Documents/ToolsShop/vendor/codeigniter4/framework/system/BaseModel.php(687): CodeIgniter\Model->insert()
#9 /home/nick/Documents/ToolsShop/app/Controllers/Payment.php(30): CodeIgniter\BaseModel->save()
#10 /home/nick/Documents/ToolsShop/vendor/codeigniter4/framework/system/CodeIgniter.php(931): App\Controllers\Payment->payment()
#11 /home/nick/Documents/ToolsShop/vendor/codeigniter4/framework/system/CodeIgniter.php(439): CodeIgniter\CodeIgniter->runController()
#12 /home/nick/Documents/ToolsShop/vendor/codeigniter4/framework/system/CodeIgniter.php(339): CodeIgniter\CodeIgniter->handleRequest()
#13 /home/nick/Documents/ToolsShop/public/index.php(44): CodeIgniter\CodeIgniter->run()
#14 /home/nick/Documents/ToolsShop/vendor/codeigniter4/framework/system/Commands/Server/rewrite.php(45): require_once('/home/nick/Docu...')
#15 {main}
ERROR - 2021-06-05 11:01:05 --> ErrorException: pg_query(): Query failed: ERROR:  column &quot;idTool&quot; of relation &quot;Order&quot; does not exist
LINE 1: INSERT INTO &quot;Order&quot; (&quot;idTool&quot;, &quot;orderGroupId&quot;) VALUES ('4', ...
                             ^ in /home/nick/Documents/ToolsShop/vendor/codeigniter4/framework/system/Database/Postgre/Connection.php:170
Stack trace:
#0 [internal function]: CodeIgniter\Debug\Exceptions->errorHandler()
#1 /home/nick/Documents/ToolsShop/vendor/codeigniter4/framework/system/Database/Postgre/Connection.php(170): pg_query()
#2 /home/nick/Documents/ToolsShop/vendor/codeigniter4/framework/system/Database/BaseConnection.php(732): CodeIgniter\Database\Postgre\Connection->execute()
#3 /home/nick/Documents/ToolsShop/vendor/codeigniter4/framework/system/Database/BaseConnection.php(647): CodeIgniter\Database\BaseConnection->simpleQuery()
#4 /home/nick/Documents/ToolsShop/vendor/codeigniter4/framework/system/Database/BaseBuilder.php(2277): CodeIgniter\Database\BaseConnection->query()
#5 /home/nick/Documents/ToolsShop/vendor/codeigniter4/framework/system/Model.php(259): CodeIgniter\Database\BaseBuilder->insert()
#6 /home/nick/Documents/ToolsShop/vendor/codeigniter4/framework/system/BaseModel.php(774): CodeIgniter\Model->doInsert()
#7 /home/nick/Documents/ToolsShop/vendor/codeigniter4/framework/system/Model.php(686): CodeIgniter\BaseModel->insert()
#8 /home/nick/Documents/ToolsShop/vendor/codeigniter4/framework/system/BaseModel.php(687): CodeIgniter\Model->insert()
#9 /home/nick/Documents/ToolsShop/app/Controllers/Payment.php(30): CodeIgniter\BaseModel->save()
#10 /home/nick/Documents/ToolsShop/vendor/codeigniter4/framework/system/CodeIgniter.php(931): App\Controllers\Payment->payment()
#11 /home/nick/Documents/ToolsShop/vendor/codeigniter4/framework/system/CodeIgniter.php(439): CodeIgniter\CodeIgniter->runController()
#12 /home/nick/Documents/ToolsShop/vendor/codeigniter4/framework/system/CodeIgniter.php(339): CodeIgniter\CodeIgniter->handleRequest()
#13 /home/nick/Documents/ToolsShop/public/index.php(44): CodeIgniter\CodeIgniter->run()
#14 /home/nick/Documents/ToolsShop/vendor/codeigniter4/framework/system/Commands/Server/rewrite.php(45): require_once('/home/nick/Docu...')
#15 {main}
ERROR - 2021-06-05 11:01:05 --> ErrorException: pg_query(): Query failed: ERROR:  column &quot;idTool&quot; of relation &quot;Order&quot; does not exist
LINE 1: INSERT INTO &quot;Order&quot; (&quot;idTool&quot;, &quot;orderGroupId&quot;) VALUES ('4', ...
                             ^ in /home/nick/Documents/ToolsShop/vendor/codeigniter4/framework/system/Database/Postgre/Connection.php:170
Stack trace:
#0 [internal function]: CodeIgniter\Debug\Exceptions->errorHandler()
#1 /home/nick/Documents/ToolsShop/vendor/codeigniter4/framework/system/Database/Postgre/Connection.php(170): pg_query()
#2 /home/nick/Documents/ToolsShop/vendor/codeigniter4/framework/system/Database/BaseConnection.php(732): CodeIgniter\Database\Postgre\Connection->execute()
#3 /home/nick/Documents/ToolsShop/vendor/codeigniter4/framework/system/Database/BaseConnection.php(647): CodeIgniter\Database\BaseConnection->simpleQuery()
#4 /home/nick/Documents/ToolsShop/vendor/codeigniter4/framework/system/Database/BaseBuilder.php(2277): CodeIgniter\Database\BaseConnection->query()
#5 /home/nick/Documents/ToolsShop/vendor/codeigniter4/framework/system/Model.php(259): CodeIgniter\Database\BaseBuilder->insert()
#6 /home/nick/Documents/ToolsShop/vendor/codeigniter4/framework/system/BaseModel.php(774): CodeIgniter\Model->doInsert()
#7 /home/nick/Documents/ToolsShop/vendor/codeigniter4/framework/system/Model.php(686): CodeIgniter\BaseModel->insert()
#8 /home/nick/Documents/ToolsShop/vendor/codeigniter4/framework/system/BaseModel.php(687): CodeIgniter\Model->insert()
#9 /home/nick/Documents/ToolsShop/app/Controllers/Payment.php(30): CodeIgniter\BaseModel->save()
#10 /home/nick/Documents/ToolsShop/vendor/codeigniter4/framework/system/CodeIgniter.php(931): App\Controllers\Payment->payment()
#11 /home/nick/Documents/ToolsShop/vendor/codeigniter4/framework/system/CodeIgniter.php(439): CodeIgniter\CodeIgniter->runController()
#12 /home/nick/Documents/ToolsShop/vendor/codeigniter4/framework/system/CodeIgniter.php(339): CodeIgniter\CodeIgniter->handleRequest()
#13 /home/nick/Documents/ToolsShop/public/index.php(44): CodeIgniter\CodeIgniter->run()
#14 /home/nick/Documents/ToolsShop/vendor/codeigniter4/framework/system/Commands/Server/rewrite.php(45): require_once('/home/nick/Docu...')
#15 {main}
ERROR - 2021-06-05 11:01:05 --> ErrorException: pg_query(): Query failed: ERROR:  relation &quot;ToolClaim&quot; does not exist
LINE 1: INSERT INTO &quot;ToolClaim&quot; (&quot;idOrder&quot;, &quot;idClient&quot;) VALUES ('1',...
                    ^ in /home/nick/Documents/ToolsShop/vendor/codeigniter4/framework/system/Database/Postgre/Connection.php:170
Stack trace:
#0 [internal function]: CodeIgniter\Debug\Exceptions->errorHandler()
#1 /home/nick/Documents/ToolsShop/vendor/codeigniter4/framework/system/Database/Postgre/Connection.php(170): pg_query()
#2 /home/nick/Documents/ToolsShop/vendor/codeigniter4/framework/system/Database/BaseConnection.php(732): CodeIgniter\Database\Postgre\Connection->execute()
#3 /home/nick/Documents/ToolsShop/vendor/codeigniter4/framework/system/Database/BaseConnection.php(647): CodeIgniter\Database\BaseConnection->simpleQuery()
#4 /home/nick/Documents/ToolsShop/vendor/codeigniter4/framework/system/Database/BaseBuilder.php(2277): CodeIgniter\Database\BaseConnection->query()
#5 /home/nick/Documents/ToolsShop/vendor/codeigniter4/framework/system/Model.php(259): CodeIgniter\Database\BaseBuilder->insert()
#6 /home/nick/Documents/ToolsShop/vendor/codeigniter4/framework/system/BaseModel.php(774): CodeIgniter\Model->doInsert()
#7 /home/nick/Documents/ToolsShop/vendor/codeigniter4/framework/system/Model.php(686): CodeIgniter\BaseModel->insert()
#8 /home/nick/Documents/ToolsShop/app/Controllers/Payment.php(37): CodeIgniter\Model->insert()
#9 /home/nick/Documents/ToolsShop/vendor/codeigniter4/framework/system/CodeIgniter.php(931): App\Controllers\Payment->payment()
#10 /home/nick/Documents/ToolsShop/vendor/codeigniter4/framework/system/CodeIgniter.php(439): CodeIgniter\CodeIgniter->runController()
#11 /home/nick/Documents/ToolsShop/vendor/codeigniter4/framework/system/CodeIgniter.php(339): CodeIgniter\CodeIgniter->handleRequest()
#12 /home/nick/Documents/ToolsShop/public/index.php(44): CodeIgniter\CodeIgniter->run()
#13 /home/nick/Documents/ToolsShop/vendor/codeigniter4/framework/system/Commands/Server/rewrite.php(45): require_once('/home/nick/Docu...')
#14 {main}
ERROR - 2021-06-05 11:02:39 --> ErrorException: pg_query(): Query failed: ERROR:  column &quot;idTool&quot; of relation &quot;Order&quot; does not exist
LINE 1: INSERT INTO &quot;Order&quot; (&quot;idTool&quot;, &quot;orderGroupId&quot;) VALUES ('4', ...
                             ^ in /home/nick/Documents/ToolsShop/vendor/codeigniter4/framework/system/Database/Postgre/Connection.php:170
Stack trace:
#0 [internal function]: CodeIgniter\Debug\Exceptions->errorHandler()
#1 /home/nick/Documents/ToolsShop/vendor/codeigniter4/framework/system/Database/Postgre/Connection.php(170): pg_query()
#2 /home/nick/Documents/ToolsShop/vendor/codeigniter4/framework/system/Database/BaseConnection.php(732): CodeIgniter\Database\Postgre\Connection->execute()
#3 /home/nick/Documents/ToolsShop/vendor/codeigniter4/framework/system/Database/BaseConnection.php(647): CodeIgniter\Database\BaseConnection->simpleQuery()
#4 /home/nick/Documents/ToolsShop/vendor/codeigniter4/framework/system/Database/BaseBuilder.php(2277): CodeIgniter\Database\BaseConnection->query()
#5 /home/nick/Documents/ToolsShop/vendor/codeigniter4/framework/system/Model.php(259): CodeIgniter\Database\BaseBuilder->insert()
#6 /home/nick/Documents/ToolsShop/vendor/codeigniter4/framework/system/BaseModel.php(774): CodeIgniter\Model->doInsert()
#7 /home/nick/Documents/ToolsShop/vendor/codeigniter4/framework/system/Model.php(686): CodeIgniter\BaseModel->insert()
#8 /home/nick/Documents/ToolsShop/vendor/codeigniter4/framework/system/BaseModel.php(687): CodeIgniter\Model->insert()
#9 /home/nick/Documents/ToolsShop/app/Controllers/Payment.php(29): CodeIgniter\BaseModel->save()
#10 /home/nick/Documents/ToolsShop/vendor/codeigniter4/framework/system/CodeIgniter.php(931): App\Controllers\Payment->payment()
#11 /home/nick/Documents/ToolsShop/vendor/codeigniter4/framework/system/CodeIgniter.php(439): CodeIgniter\CodeIgniter->runController()
#12 /home/nick/Documents/ToolsShop/vendor/codeigniter4/framework/system/CodeIgniter.php(339): CodeIgniter\CodeIgniter->handleRequest()
#13 /home/nick/Documents/ToolsShop/public/index.php(44): CodeIgniter\CodeIgniter->run()
#14 /home/nick/Documents/ToolsShop/vendor/codeigniter4/framework/system/Commands/Server/rewrite.php(45): require_once('/home/nick/Docu...')
#15 {main}
ERROR - 2021-06-05 11:02:39 --> ErrorException: pg_query(): Query failed: ERROR:  column &quot;idTool&quot; of relation &quot;Order&quot; does not exist
LINE 1: INSERT INTO &quot;Order&quot; (&quot;idTool&quot;, &quot;orderGroupId&quot;) VALUES ('4', ...
                             ^ in /home/nick/Documents/ToolsShop/vendor/codeigniter4/framework/system/Database/Postgre/Connection.php:170
Stack trace:
#0 [internal function]: CodeIgniter\Debug\Exceptions->errorHandler()
#1 /home/nick/Documents/ToolsShop/vendor/codeigniter4/framework/system/Database/Postgre/Connection.php(170): pg_query()
#2 /home/nick/Documents/ToolsShop/vendor/codeigniter4/framework/system/Database/BaseConnection.php(732): CodeIgniter\Database\Postgre\Connection->execute()
#3 /home/nick/Documents/ToolsShop/vendor/codeigniter4/framework/system/Database/BaseConnection.php(647): CodeIgniter\Database\BaseConnection->simpleQuery()
#4 /home/nick/Documents/ToolsShop/vendor/codeigniter4/framework/system/Database/BaseBuilder.php(2277): CodeIgniter\Database\BaseConnection->query()
#5 /home/nick/Documents/ToolsShop/vendor/codeigniter4/framework/system/Model.php(259): CodeIgniter\Database\BaseBuilder->insert()
#6 /home/nick/Documents/ToolsShop/vendor/codeigniter4/framework/system/BaseModel.php(774): CodeIgniter\Model->doInsert()
#7 /home/nick/Documents/ToolsShop/vendor/codeigniter4/framework/system/Model.php(686): CodeIgniter\BaseModel->insert()
#8 /home/nick/Documents/ToolsShop/vendor/codeigniter4/framework/system/BaseModel.php(687): CodeIgniter\Model->insert()
#9 /home/nick/Documents/ToolsShop/app/Controllers/Payment.php(29): CodeIgniter\BaseModel->save()
#10 /home/nick/Documents/ToolsShop/vendor/codeigniter4/framework/system/CodeIgniter.php(931): App\Controllers\Payment->payment()
#11 /home/nick/Documents/ToolsShop/vendor/codeigniter4/framework/system/CodeIgniter.php(439): CodeIgniter\CodeIgniter->runController()
#12 /home/nick/Documents/ToolsShop/vendor/codeigniter4/framework/system/CodeIgniter.php(339): CodeIgniter\CodeIgniter->handleRequest()
#13 /home/nick/Documents/ToolsShop/public/index.php(44): CodeIgniter\CodeIgniter->run()
#14 /home/nick/Documents/ToolsShop/vendor/codeigniter4/framework/system/Commands/Server/rewrite.php(45): require_once('/home/nick/Docu...')
#15 {main}
ERROR - 2021-06-05 11:02:39 --> ErrorException: pg_query(): Query failed: ERROR:  column &quot;idTool&quot; of relation &quot;Order&quot; does not exist
LINE 1: INSERT INTO &quot;Order&quot; (&quot;idTool&quot;, &quot;orderGroupId&quot;) VALUES ('4', ...
                             ^ in /home/nick/Documents/ToolsShop/vendor/codeigniter4/framework/system/Database/Postgre/Connection.php:170
Stack trace:
#0 [internal function]: CodeIgniter\Debug\Exceptions->errorHandler()
#1 /home/nick/Documents/ToolsShop/vendor/codeigniter4/framework/system/Database/Postgre/Connection.php(170): pg_query()
#2 /home/nick/Documents/ToolsShop/vendor/codeigniter4/framework/system/Database/BaseConnection.php(732): CodeIgniter\Database\Postgre\Connection->execute()
#3 /home/nick/Documents/ToolsShop/vendor/codeigniter4/framework/system/Database/BaseConnection.php(647): CodeIgniter\Database\BaseConnection->simpleQuery()
#4 /home/nick/Documents/ToolsShop/vendor/codeigniter4/framework/system/Database/BaseBuilder.php(2277): CodeIgniter\Database\BaseConnection->query()
#5 /home/nick/Documents/ToolsShop/vendor/codeigniter4/framework/system/Model.php(259): CodeIgniter\Database\BaseBuilder->insert()
#6 /home/nick/Documents/ToolsShop/vendor/codeigniter4/framework/system/BaseModel.php(774): CodeIgniter\Model->doInsert()
#7 /home/nick/Documents/ToolsShop/vendor/codeigniter4/framework/system/Model.php(686): CodeIgniter\BaseModel->insert()
#8 /home/nick/Documents/ToolsShop/vendor/codeigniter4/framework/system/BaseModel.php(687): CodeIgniter\Model->insert()
#9 /home/nick/Documents/ToolsShop/app/Controllers/Payment.php(29): CodeIgniter\BaseModel->save()
#10 /home/nick/Documents/ToolsShop/vendor/codeigniter4/framework/system/CodeIgniter.php(931): App\Controllers\Payment->payment()
#11 /home/nick/Documents/ToolsShop/vendor/codeigniter4/framework/system/CodeIgniter.php(439): CodeIgniter\CodeIgniter->runController()
#12 /home/nick/Documents/ToolsShop/vendor/codeigniter4/framework/system/CodeIgniter.php(339): CodeIgniter\CodeIgniter->handleRequest()
#13 /home/nick/Documents/ToolsShop/public/index.php(44): CodeIgniter\CodeIgniter->run()
#14 /home/nick/Documents/ToolsShop/vendor/codeigniter4/framework/system/Commands/Server/rewrite.php(45): require_once('/home/nick/Docu...')
#15 {main}
ERROR - 2021-06-05 11:02:39 --> ErrorException: pg_query(): Query failed: ERROR:  column &quot;idTool&quot; of relation &quot;Order&quot; does not exist
LINE 1: INSERT INTO &quot;Order&quot; (&quot;idTool&quot;, &quot;orderGroupId&quot;) VALUES ('4', ...
                             ^ in /home/nick/Documents/ToolsShop/vendor/codeigniter4/framework/system/Database/Postgre/Connection.php:170
Stack trace:
#0 [internal function]: CodeIgniter\Debug\Exceptions->errorHandler()
#1 /home/nick/Documents/ToolsShop/vendor/codeigniter4/framework/system/Database/Postgre/Connection.php(170): pg_query()
#2 /home/nick/Documents/ToolsShop/vendor/codeigniter4/framework/system/Database/BaseConnection.php(732): CodeIgniter\Database\Postgre\Connection->execute()
#3 /home/nick/Documents/ToolsShop/vendor/codeigniter4/framework/system/Database/BaseConnection.php(647): CodeIgniter\Database\BaseConnection->simpleQuery()
#4 /home/nick/Documents/ToolsShop/vendor/codeigniter4/framework/system/Database/BaseBuilder.php(2277): CodeIgniter\Database\BaseConnection->query()
#5 /home/nick/Documents/ToolsShop/vendor/codeigniter4/framework/system/Model.php(259): CodeIgniter\Database\BaseBuilder->insert()
#6 /home/nick/Documents/ToolsShop/vendor/codeigniter4/framework/system/BaseModel.php(774): CodeIgniter\Model->doInsert()
#7 /home/nick/Documents/ToolsShop/vendor/codeigniter4/framework/system/Model.php(686): CodeIgniter\BaseModel->insert()
#8 /home/nick/Documents/ToolsShop/vendor/codeigniter4/framework/system/BaseModel.php(687): CodeIgniter\Model->insert()
#9 /home/nick/Documents/ToolsShop/app/Controllers/Payment.php(29): CodeIgniter\BaseModel->save()
#10 /home/nick/Documents/ToolsShop/vendor/codeigniter4/framework/system/CodeIgniter.php(931): App\Controllers\Payment->payment()
#11 /home/nick/Documents/ToolsShop/vendor/codeigniter4/framework/system/CodeIgniter.php(439): CodeIgniter\CodeIgniter->runController()
#12 /home/nick/Documents/ToolsShop/vendor/codeigniter4/framework/system/CodeIgniter.php(339): CodeIgniter\CodeIgniter->handleRequest()
#13 /home/nick/Documents/ToolsShop/public/index.php(44): CodeIgniter\CodeIgniter->run()
#14 /home/nick/Documents/ToolsShop/vendor/codeigniter4/framework/system/Commands/Server/rewrite.php(45): require_once('/home/nick/Docu...')
#15 {main}
ERROR - 2021-06-05 11:02:39 --> ErrorException: pg_query(): Query failed: ERROR:  column &quot;idTool&quot; of relation &quot;Order&quot; does not exist
LINE 1: INSERT INTO &quot;Order&quot; (&quot;idTool&quot;, &quot;orderGroupId&quot;) VALUES ('4', ...
                             ^ in /home/nick/Documents/ToolsShop/vendor/codeigniter4/framework/system/Database/Postgre/Connection.php:170
Stack trace:
#0 [internal function]: CodeIgniter\Debug\Exceptions->errorHandler()
#1 /home/nick/Documents/ToolsShop/vendor/codeigniter4/framework/system/Database/Postgre/Connection.php(170): pg_query()
#2 /home/nick/Documents/ToolsShop/vendor/codeigniter4/framework/system/Database/BaseConnection.php(732): CodeIgniter\Database\Postgre\Connection->execute()
#3 /home/nick/Documents/ToolsShop/vendor/codeigniter4/framework/system/Database/BaseConnection.php(647): CodeIgniter\Database\BaseConnection->simpleQuery()
#4 /home/nick/Documents/ToolsShop/vendor/codeigniter4/framework/system/Database/BaseBuilder.php(2277): CodeIgniter\Database\BaseConnection->query()
#5 /home/nick/Documents/ToolsShop/vendor/codeigniter4/framework/system/Model.php(259): CodeIgniter\Database\BaseBuilder->insert()
#6 /home/nick/Documents/ToolsShop/vendor/codeigniter4/framework/system/BaseModel.php(774): CodeIgniter\Model->doInsert()
#7 /home/nick/Documents/ToolsShop/vendor/codeigniter4/framework/system/Model.php(686): CodeIgniter\BaseModel->insert()
#8 /home/nick/Documents/ToolsShop/vendor/codeigniter4/framework/system/BaseModel.php(687): CodeIgniter\Model->insert()
#9 /home/nick/Documents/ToolsShop/app/Controllers/Payment.php(29): CodeIgniter\BaseModel->save()
#10 /home/nick/Documents/ToolsShop/vendor/codeigniter4/framework/system/CodeIgniter.php(931): App\Controllers\Payment->payment()
#11 /home/nick/Documents/ToolsShop/vendor/codeigniter4/framework/system/CodeIgniter.php(439): CodeIgniter\CodeIgniter->runController()
#12 /home/nick/Documents/ToolsShop/vendor/codeigniter4/framework/system/CodeIgniter.php(339): CodeIgniter\CodeIgniter->handleRequest()
#13 /home/nick/Documents/ToolsShop/public/index.php(44): CodeIgniter\CodeIgniter->run()
#14 /home/nick/Documents/ToolsShop/vendor/codeigniter4/framework/system/Commands/Server/rewrite.php(45): require_once('/home/nick/Docu...')
#15 {main}
ERROR - 2021-06-05 11:02:39 --> ErrorException: pg_query(): Query failed: ERROR:  relation &quot;ToolClaim&quot; does not exist
LINE 1: INSERT INTO &quot;ToolClaim&quot; (&quot;idOrder&quot;, &quot;idClient&quot;) VALUES ('1',...
                    ^ in /home/nick/Documents/ToolsShop/vendor/codeigniter4/framework/system/Database/Postgre/Connection.php:170
Stack trace:
#0 [internal function]: CodeIgniter\Debug\Exceptions->errorHandler()
#1 /home/nick/Documents/ToolsShop/vendor/codeigniter4/framework/system/Database/Postgre/Connection.php(170): pg_query()
#2 /home/nick/Documents/ToolsShop/vendor/codeigniter4/framework/system/Database/BaseConnection.php(732): CodeIgniter\Database\Postgre\Connection->execute()
#3 /home/nick/Documents/ToolsShop/vendor/codeigniter4/framework/system/Database/BaseConnection.php(647): CodeIgniter\Database\BaseConnection->simpleQuery()
#4 /home/nick/Documents/ToolsShop/vendor/codeigniter4/framework/system/Database/BaseBuilder.php(2277): CodeIgniter\Database\BaseConnection->query()
#5 /home/nick/Documents/ToolsShop/vendor/codeigniter4/framework/system/Model.php(259): CodeIgniter\Database\BaseBuilder->insert()
#6 /home/nick/Documents/ToolsShop/vendor/codeigniter4/framework/system/BaseModel.php(774): CodeIgniter\Model->doInsert()
#7 /home/nick/Documents/ToolsShop/vendor/codeigniter4/framework/system/Model.php(686): CodeIgniter\BaseModel->insert()
#8 /home/nick/Documents/ToolsShop/app/Controllers/Payment.php(36): CodeIgniter\Model->insert()
#9 /home/nick/Documents/ToolsShop/vendor/codeigniter4/framework/system/CodeIgniter.php(931): App\Controllers\Payment->payment()
#10 /home/nick/Documents/ToolsShop/vendor/codeigniter4/framework/system/CodeIgniter.php(439): CodeIgniter\CodeIgniter->runController()
#11 /home/nick/Documents/ToolsShop/vendor/codeigniter4/framework/system/CodeIgniter.php(339): CodeIgniter\CodeIgniter->handleRequest()
#12 /home/nick/Documents/ToolsShop/public/index.php(44): CodeIgniter\CodeIgniter->run()
#13 /home/nick/Documents/ToolsShop/vendor/codeigniter4/framework/system/Commands/Server/rewrite.php(45): require_once('/home/nick/Docu...')
#14 {main}
ERROR - 2021-06-05 11:10:54 --> ErrorException: pg_query(): Query failed: ERROR:  relation &quot;ToolClaim&quot; does not exist
LINE 1: INSERT INTO &quot;ToolClaim&quot; (&quot;orderGroupId&quot;, &quot;price&quot;) VALUES ('5...
                    ^ in /home/nick/Documents/ToolsShop/vendor/codeigniter4/framework/system/Database/Postgre/Connection.php:170
Stack trace:
#0 [internal function]: CodeIgniter\Debug\Exceptions->errorHandler()
#1 /home/nick/Documents/ToolsShop/vendor/codeigniter4/framework/system/Database/Postgre/Connection.php(170): pg_query()
#2 /home/nick/Documents/ToolsShop/vendor/codeigniter4/framework/system/Database/BaseConnection.php(732): CodeIgniter\Database\Postgre\Connection->execute()
#3 /home/nick/Documents/ToolsShop/vendor/codeigniter4/framework/system/Database/BaseConnection.php(647): CodeIgniter\Database\BaseConnection->simpleQuery()
#4 /home/nick/Documents/ToolsShop/vendor/codeigniter4/framework/system/Database/BaseBuilder.php(2277): CodeIgniter\Database\BaseConnection->query()
#5 /home/nick/Documents/ToolsShop/vendor/codeigniter4/framework/system/Model.php(259): CodeIgniter\Database\BaseBuilder->insert()
#6 /home/nick/Documents/ToolsShop/vendor/codeigniter4/framework/system/BaseModel.php(774): CodeIgniter\Model->doInsert()
#7 /home/nick/Documents/ToolsShop/vendor/codeigniter4/framework/system/Model.php(686): CodeIgniter\BaseModel->insert()
#8 /home/nick/Documents/ToolsShop/app/Controllers/Payment.php(38): CodeIgniter\Model->insert()
#9 /home/nick/Documents/ToolsShop/vendor/codeigniter4/framework/system/CodeIgniter.php(931): App\Controllers\Payment->payment()
#10 /home/nick/Documents/ToolsShop/vendor/codeigniter4/framework/system/CodeIgniter.php(439): CodeIgniter\CodeIgniter->runController()
#11 /home/nick/Documents/ToolsShop/vendor/codeigniter4/framework/system/CodeIgniter.php(339): CodeIgniter\CodeIgniter->handleRequest()
#12 /home/nick/Documents/ToolsShop/public/index.php(44): CodeIgniter\CodeIgniter->run()
#13 /home/nick/Documents/ToolsShop/vendor/codeigniter4/framework/system/Commands/Server/rewrite.php(45): require_once('/home/nick/Docu...')
#14 {main}
ERROR - 2021-06-05 11:11:37 --> ErrorException: pg_query(): Query failed: ERROR:  relation &quot;ToolClaim&quot; does not exist
LINE 1: INSERT INTO &quot;ToolClaim&quot; (&quot;orderGroupId&quot;, &quot;price&quot;) VALUES ('7...
                    ^ in /home/nick/Documents/ToolsShop/vendor/codeigniter4/framework/system/Database/Postgre/Connection.php:170
Stack trace:
#0 [internal function]: CodeIgniter\Debug\Exceptions->errorHandler()
#1 /home/nick/Documents/ToolsShop/vendor/codeigniter4/framework/system/Database/Postgre/Connection.php(170): pg_query()
#2 /home/nick/Documents/ToolsShop/vendor/codeigniter4/framework/system/Database/BaseConnection.php(732): CodeIgniter\Database\Postgre\Connection->execute()
#3 /home/nick/Documents/ToolsShop/vendor/codeigniter4/framework/system/Database/BaseConnection.php(647): CodeIgniter\Database\BaseConnection->simpleQuery()
#4 /home/nick/Documents/ToolsShop/vendor/codeigniter4/framework/system/Database/BaseBuilder.php(2277): CodeIgniter\Database\BaseConnection->query()
#5 /home/nick/Documents/ToolsShop/vendor/codeigniter4/framework/system/Model.php(259): CodeIgniter\Database\BaseBuilder->insert()
#6 /home/nick/Documents/ToolsShop/vendor/codeigniter4/framework/system/BaseModel.php(774): CodeIgniter\Model->doInsert()
#7 /home/nick/Documents/ToolsShop/vendor/codeigniter4/framework/system/Model.php(686): CodeIgniter\BaseModel->insert()
#8 /home/nick/Documents/ToolsShop/vendor/codeigniter4/framework/system/BaseModel.php(687): CodeIgniter\Model->insert()
#9 /home/nick/Documents/ToolsShop/app/Controllers/Payment.php(38): CodeIgniter\BaseModel->save()
#10 /home/nick/Documents/ToolsShop/vendor/codeigniter4/framework/system/CodeIgniter.php(931): App\Controllers\Payment->payment()
#11 /home/nick/Documents/ToolsShop/vendor/codeigniter4/framework/system/CodeIgniter.php(439): CodeIgniter\CodeIgniter->runController()
#12 /home/nick/Documents/ToolsShop/vendor/codeigniter4/framework/system/CodeIgniter.php(339): CodeIgniter\CodeIgniter->handleRequest()
#13 /home/nick/Documents/ToolsShop/public/index.php(44): CodeIgniter\CodeIgniter->run()
#14 /home/nick/Documents/ToolsShop/vendor/codeigniter4/framework/system/Commands/Server/rewrite.php(45): require_once('/home/nick/Docu...')
#15 {main}
ERROR - 2021-06-05 11:12:35 --> ErrorException: pg_query(): Query failed: ERROR:  relation &quot;ToolClaim&quot; does not exist
LINE 1: INSERT INTO &quot;ToolClaim&quot; (&quot;orderGroupId&quot;, &quot;price&quot;) VALUES ('5...
                    ^ in /home/nick/Documents/ToolsShop/vendor/codeigniter4/framework/system/Database/Postgre/Connection.php:170
Stack trace:
#0 [internal function]: CodeIgniter\Debug\Exceptions->errorHandler()
#1 /home/nick/Documents/ToolsShop/vendor/codeigniter4/framework/system/Database/Postgre/Connection.php(170): pg_query()
#2 /home/nick/Documents/ToolsShop/vendor/codeigniter4/framework/system/Database/BaseConnection.php(732): CodeIgniter\Database\Postgre\Connection->execute()
#3 /home/nick/Documents/ToolsShop/vendor/codeigniter4/framework/system/Database/BaseConnection.php(647): CodeIgniter\Database\BaseConnection->simpleQuery()
#4 /home/nick/Documents/ToolsShop/vendor/codeigniter4/framework/system/Database/BaseBuilder.php(2277): CodeIgniter\Database\BaseConnection->query()
#5 /home/nick/Documents/ToolsShop/vendor/codeigniter4/framework/system/Model.php(259): CodeIgniter\Database\BaseBuilder->insert()
#6 /home/nick/Documents/ToolsShop/vendor/codeigniter4/framework/system/BaseModel.php(774): CodeIgniter\Model->doInsert()
#7 /home/nick/Documents/ToolsShop/vendor/codeigniter4/framework/system/Model.php(686): CodeIgniter\BaseModel->insert()
#8 /home/nick/Documents/ToolsShop/vendor/codeigniter4/framework/system/BaseModel.php(687): CodeIgniter\Model->insert()
#9 /home/nick/Documents/ToolsShop/app/Controllers/Payment.php(38): CodeIgniter\BaseModel->save()
#10 /home/nick/Documents/ToolsShop/vendor/codeigniter4/framework/system/CodeIgniter.php(931): App\Controllers\Payment->payment()
#11 /home/nick/Documents/ToolsShop/vendor/codeigniter4/framework/system/CodeIgniter.php(439): CodeIgniter\CodeIgniter->runController()
#12 /home/nick/Documents/ToolsShop/vendor/codeigniter4/framework/system/CodeIgniter.php(339): CodeIgniter\CodeIgniter->handleRequest()
#13 /home/nick/Documents/ToolsShop/public/index.php(44): CodeIgniter\CodeIgniter->run()
#14 /home/nick/Documents/ToolsShop/vendor/codeigniter4/framework/system/Commands/Server/rewrite.php(45): require_once('/home/nick/Docu...')
#15 {main}
ERROR - 2021-06-05 11:13:00 --> ErrorException: pg_query(): Query failed: ERROR:  relation &quot;ToolClaim&quot; does not exist
LINE 1: INSERT INTO &quot;ToolClaim&quot; (&quot;orderGroupId&quot;, &quot;clientEmail&quot;, &quot;pri...
                    ^ in /home/nick/Documents/ToolsShop/vendor/codeigniter4/framework/system/Database/Postgre/Connection.php:170
Stack trace:
#0 [internal function]: CodeIgniter\Debug\Exceptions->errorHandler()
#1 /home/nick/Documents/ToolsShop/vendor/codeigniter4/framework/system/Database/Postgre/Connection.php(170): pg_query()
#2 /home/nick/Documents/ToolsShop/vendor/codeigniter4/framework/system/Database/BaseConnection.php(732): CodeIgniter\Database\Postgre\Connection->execute()
#3 /home/nick/Documents/ToolsShop/vendor/codeigniter4/framework/system/Database/BaseConnection.php(647): CodeIgniter\Database\BaseConnection->simpleQuery()
#4 /home/nick/Documents/ToolsShop/vendor/codeigniter4/framework/system/Database/BaseBuilder.php(2277): CodeIgniter\Database\BaseConnection->query()
#5 /home/nick/Documents/ToolsShop/vendor/codeigniter4/framework/system/Model.php(259): CodeIgniter\Database\BaseBuilder->insert()
#6 /home/nick/Documents/ToolsShop/vendor/codeigniter4/framework/system/BaseModel.php(774): CodeIgniter\Model->doInsert()
#7 /home/nick/Documents/ToolsShop/vendor/codeigniter4/framework/system/Model.php(686): CodeIgniter\BaseModel->insert()
#8 /home/nick/Documents/ToolsShop/vendor/codeigniter4/framework/system/BaseModel.php(687): CodeIgniter\Model->insert()
#9 /home/nick/Documents/ToolsShop/app/Controllers/Payment.php(38): CodeIgniter\BaseModel->save()
#10 /home/nick/Documents/ToolsShop/vendor/codeigniter4/framework/system/CodeIgniter.php(931): App\Controllers\Payment->payment()
#11 /home/nick/Documents/ToolsShop/vendor/codeigniter4/framework/system/CodeIgniter.php(439): CodeIgniter\CodeIgniter->runController()
#12 /home/nick/Documents/ToolsShop/vendor/codeigniter4/framework/system/CodeIgniter.php(339): CodeIgniter\CodeIgniter->handleRequest()
#13 /home/nick/Documents/ToolsShop/public/index.php(44): CodeIgniter\CodeIgniter->run()
#14 /home/nick/Documents/ToolsShop/vendor/codeigniter4/framework/system/Commands/Server/rewrite.php(45): require_once('/home/nick/Docu...')
#15 {main}
CRITICAL - 2021-06-05 11:17:48 --> Call to undefined function form_open()
#0 /home/nick/Documents/ToolsShop/vendor/codeigniter4/framework/system/View/View.php(230): include()
#1 /home/nick/Documents/ToolsShop/vendor/codeigniter4/framework/system/View/View.php(232): CodeIgniter\View\View->CodeIgniter\View\{closure}()
#2 /home/nick/Documents/ToolsShop/vendor/codeigniter4/framework/system/View/View.php(246): CodeIgniter\View\View->render()
#3 /home/nick/Documents/ToolsShop/vendor/codeigniter4/framework/system/Common.php(1250): CodeIgniter\View\View->render()
#4 /home/nick/Documents/ToolsShop/app/Controllers/Payment.php(42): view()
#5 /home/nick/Documents/ToolsShop/vendor/codeigniter4/framework/system/CodeIgniter.php(931): App\Controllers\Payment->payment()
#6 /home/nick/Documents/ToolsShop/vendor/codeigniter4/framework/system/CodeIgniter.php(439): CodeIgniter\CodeIgniter->runController()
#7 /home/nick/Documents/ToolsShop/vendor/codeigniter4/framework/system/CodeIgniter.php(339): CodeIgniter\CodeIgniter->handleRequest()
#8 /home/nick/Documents/ToolsShop/public/index.php(44): CodeIgniter\CodeIgniter->run()
#9 /home/nick/Documents/ToolsShop/vendor/codeigniter4/framework/system/Commands/Server/rewrite.php(45): require_once('/home/nick/Docu...')
#10 {main}
ERROR - 2021-06-05 11:36:19 --> Error connecting to the database: pg_connect(): Unable to connect to PostgreSQL server: could not connect to server: Connection timed out
	Is the server running on host &quot;188.225.83.42&quot; and accepting
	TCP/IP connections on port 4535?
CRITICAL - 2021-06-05 11:36:19 --> Unable to connect to the database.
Main connection [Postgre]: pg_connect(): Unable to connect to PostgreSQL server: could not connect to server: Connection timed out
	Is the server running on host &quot;188.225.83.42&quot; and accepting
	TCP/IP connections on port 4535?
#0 /home/nick/Documents/ToolsShop/vendor/codeigniter4/framework/system/Database/BaseConnection.php(625): CodeIgniter\Database\BaseConnection->initialize()
#1 /home/nick/Documents/ToolsShop/vendor/codeigniter4/framework/system/Database/BaseBuilder.php(1881): CodeIgniter\Database\BaseConnection->query()
#2 /home/nick/Documents/ToolsShop/vendor/codeigniter4/framework/system/Model.php(228): CodeIgniter\Database\BaseBuilder->get()
#3 /home/nick/Documents/ToolsShop/vendor/codeigniter4/framework/system/BaseModel.php(644): CodeIgniter\Model->doFirst()
#4 /home/nick/Documents/ToolsShop/app/Models/ToolsModel.php(22): CodeIgniter\BaseModel->first()
#5 /home/nick/Documents/ToolsShop/app/Controllers/Payment.php(22): App\Models\ToolsModel->get_item()
#6 /home/nick/Documents/ToolsShop/vendor/codeigniter4/framework/system/CodeIgniter.php(931): App\Controllers\Payment->payment()
#7 /home/nick/Documents/ToolsShop/vendor/codeigniter4/framework/system/CodeIgniter.php(439): CodeIgniter\CodeIgniter->runController()
#8 /home/nick/Documents/ToolsShop/vendor/codeigniter4/framework/system/CodeIgniter.php(339): CodeIgniter\CodeIgniter->handleRequest()
#9 /home/nick/Documents/ToolsShop/public/index.php(44): CodeIgniter\CodeIgniter->run()
#10 /home/nick/Documents/ToolsShop/vendor/codeigniter4/framework/system/Commands/Server/rewrite.php(45): require_once('/home/nick/Docu...')
#11 {main}
